{
  message: 'DATABASE Connected',
  level: 'info',
  service: 'user-service',
  label: 'university-management',
  timestamp: '2023-06-05T04:02:07.912Z'
}
{
  message: 'Application app listening on port 5000',
  level: 'info',
  service: 'user-service',
  label: 'university-management',
  timestamp: '2023-06-05T04:02:07.923Z'
}
Mon Jun 05 2023 10:2:45 [university-management] info: DATABASE Connected
Mon Jun 05 2023 10:2:45 [university-management] info: Application app listening on port 5000
Mon Jun 05 2023 10:2:52 [university-management] info: DATABASE Connected
Mon Jun 05 2023 10:2:52 [university-management] info: Application app listening on port 5000
Mon Jun 05 2023 10:4:5 [university-management] info: DATABASE Connected
Mon Jun 05 2023 10:4:5 [university-management] info: Application app listening on port 5000
Mon Jun 05 2023 10:26:15 [university-management] info: DATABASE Connected
Mon Jun 05 2023 10:26:15 [university-management] info: Application app listening on port 5000
Mon Jun 05 2023 10:26:59 [university-management] info: DATABASE Connected
Mon Jun 05 2023 10:26:59 [university-management] info: Application app listening on port 5000
Mon Jun 05 2023 10:28:36 [university-management] info: DATABASE Connected
Mon Jun 05 2023 10:28:36 [university-management] info: Application app listening on port 5000
Mon Jun 05 2023 10:31:50 [university-management] info: DATABASE Connected
Mon Jun 05 2023 10:31:50 [university-management] info: Application app listening on port 5000
